<?xml version="1.0" encoding="UTF-8"?>
<!-- Generated by org.testng.reporters.JUnitReportReporter -->
<testsuite hostname="IT2301-LT-121" failures="0" tests="1" name="testrunner.runner" time="0.089" errors="0" timestamp="01 Jun 2025 10:45:26 GMT" skipped="1">
  <testcase classname="testrunner.runner" name="runScenario" time="0.089">
    <skipped/>
  </testcase> <!-- runScenario -->
</testsuite> <!-- testrunner.runner -->
