<?xml version="1.0" encoding="UTF-8"?>
<!-- Generated by org.testng.reporters.JUnitReportReporter -->
<testsuite hostname="IT2301-LT-121" failures="0" tests="2" name="testrunner.runner" time="9.345" errors="0" timestamp="31 May 2025 15:30:17 GMT" skipped="2">
  <testcase classname="testrunner.runner" name="runScenario" time="4.362">
    <skipped/>
  </testcase> <!-- runScenario -->
  <testcase classname="testrunner.runner" name="runScenario" time="4.983">
    <skipped/>
  </testcase> <!-- runScenario -->
</testsuite> <!-- testrunner.runner -->
